This file contains any messages produced by compilers while
running configure, to aid debugging if configure makes a mistake.

It was created by FULL-PACKAGE-NAME configure VERSION, which was
generated by GNU Autoconf 2.69.  Invocation command line was

  $ ./configure 

## --------- ##
## Platform. ##
## --------- ##

hostname = linuxprac
uname -m = x86_64
uname -r = 5.4.57-std-def-alt1
uname -s = Linux
uname -v = #1 SMP Fri Aug 7 09:06:32 UTC 2020

/usr/bin/uname -p = unknown
/bin/uname -X     = unknown

/bin/arch              = unknown
/usr/bin/arch -k       = unknown
/usr/convex/getsysinfo = unknown
/usr/bin/hostinfo      = unknown
/bin/machine           = unknown
/usr/bin/oslevel       = unknown
/bin/universe          = unknown

PATH: /home/n1110101/bin
PATH: /bin
PATH: /usr/bin
PATH: /usr/local/bin
PATH: /usr/games


## ----------- ##
## Core tests. ##
## ----------- ##

configure:2284: checking for a BSD-compatible install
configure:2352: result: /bin/install -c
configure:2363: checking whether build environment is sane
configure:2418: result: yes
configure:2569: checking for a thread-safe mkdir -p
configure:2608: result: /bin/mkdir -p
configure:2615: checking for gawk
configure:2631: found /bin/gawk
configure:2642: result: gawk
configure:2653: checking whether make sets $(MAKE)
configure:2675: result: yes
configure:2704: checking whether make supports nested variables
configure:2721: result: yes
configure:2946: checking for doxygen
configure:2964: found /usr/bin/doxygen
configure:2976: result: /usr/bin/doxygen
configure:3052: checking for perl
configure:3070: found /usr/bin/perl
configure:3082: result: /usr/bin/perl
configure:3812: checking for latex
configure:3845: result: no
configure:3865: WARNING: latex not found - will not generate doxygen PostScript documentation
configure:3918: checking for makeindex
configure:3951: result: no
configure:4024: checking for dvips
configure:4057: result: no
configure:4130: checking for egrep
configure:4148: found /bin/egrep
configure:4160: result: /bin/egrep
configure:4285: checking for pdflatex
configure:4318: result: no
configure:4338: WARNING: pdflatex not found - will not generate doxygen PDF documentation
configure:4391: checking for makeindex
configure:4424: result: no
configure:4497: checking for egrep
configure:4527: result: /bin/egrep
configure:4841: checking for gcc
configure:4857: found /usr/bin/gcc
configure:4868: result: gcc
configure:5097: checking for C compiler version
configure:5106: gcc --version >&5
x86_64-alt-linux-gcc (GCC) 9.3.1 20200518 (ALT Sisyphus 9.3.1-alt1)
Copyright (C) 2019 Free Software Foundation, Inc.
This is free software; see the source for copying conditions.  There is NO
warranty; not even for MERCHANTABILITY or FITNESS FOR A PARTICULAR PURPOSE.

configure:5117: $? = 0
configure:5106: gcc -v >&5
Using built-in specs.
COLLECT_GCC=x86_64-alt-linux-gcc
COLLECT_LTO_WRAPPER=/usr/libexec/gcc/x86_64-alt-linux/9/lto-wrapper
Target: x86_64-alt-linux
Configured with: ../configure --host=x86_64-alt-linux --build=x86_64-alt-linux --target=x86_64-alt-linux --prefix=/usr --exec-prefix=/usr --bindir=/usr/bin --sbindir=/usr/sbin --sysconfdir=/etc --datadir=/usr/share --includedir=/usr/include --libdir=/usr/lib64 --libexecdir=/usr/libexec --localstatedir=/var/lib --sharedstatedir=/var/lib --mandir=/usr/share/man --infodir=/usr/share/info --disable-dependency-tracking --disable-silent-rules --without-included-gettext --enable-shared --program-suffix=-9 --with-slibdir=/lib64 --with-bugurl=http://bugzilla.altlinux.org --enable-__cxa_atexit --enable-threads=posix --enable-checking=release --with-system-zlib --without-included-gettext --enable-multilib --enable-gnu-unique-object --enable-linker-build-id --with-linker-hash-style=gnu --with-arch_32=i586 --with-tune_32=generic --with-multilib-list=m64,m32,mx32 --with-gcc-major-version-only --enable-vtable-verify --enable-bootstrap --enable-languages=c,c++,fortran,objc,obj-c++,ada,go,d,lto --enable-plugin
Thread model: posix
gcc version 9.3.1 20200518 (ALT Sisyphus 9.3.1-alt1) (GCC) 
configure:5117: $? = 0
configure:5106: gcc -V >&5
x86_64-alt-linux-gcc: error: unrecognized command line option '-V'
x86_64-alt-linux-gcc: fatal error: no input files
compilation terminated.
configure:5117: $? = 1
configure:5106: gcc -qversion >&5
x86_64-alt-linux-gcc: error: unrecognized command line option '-qversion'; did you mean '--version'?
x86_64-alt-linux-gcc: fatal error: no input files
compilation terminated.
configure:5117: $? = 1
configure:5137: checking whether the C compiler works
configure:5159: gcc    conftest.c  >&5
configure:5163: $? = 0
configure:5211: result: yes
configure:5214: checking for C compiler default output file name
configure:5216: result: a.out
configure:5222: checking for suffix of executables
configure:5229: gcc -o conftest    conftest.c  >&5
configure:5233: $? = 0
configure:5255: result: 
configure:5277: checking whether we are cross compiling
configure:5285: gcc -o conftest    conftest.c  >&5
configure:5289: $? = 0
configure:5296: ./conftest
configure:5300: $? = 0
configure:5315: result: no
configure:5320: checking for suffix of object files
configure:5342: gcc -c   conftest.c >&5
configure:5346: $? = 0
configure:5367: result: o
configure:5371: checking whether we are using the GNU C compiler
configure:5390: gcc -c   conftest.c >&5
configure:5390: $? = 0
configure:5399: result: yes
configure:5408: checking whether gcc accepts -g
configure:5428: gcc -c -g  conftest.c >&5
configure:5428: $? = 0
configure:5469: result: yes
configure:5486: checking for gcc option to accept ISO C89
configure:5549: gcc  -c -g -O2  conftest.c >&5
configure:5549: $? = 0
configure:5562: result: none needed
configure:5587: checking whether gcc understands -c and -o together
configure:5609: gcc -c conftest.c -o conftest2.o
configure:5612: $? = 0
configure:5609: gcc -c conftest.c -o conftest2.o
configure:5612: $? = 0
configure:5624: result: yes
configure:5644: checking whether make supports the include directive
configure:5659: make -f confmf.GNU && cat confinc.out
this is the am__doit target
configure:5662: $? = 0
configure:5681: result: yes (GNU style)
configure:5706: checking dependency style of gcc
configure:5817: result: gcc3
configure:5834: checking for help2man
configure:5852: found /usr/bin/help2man
configure:5864: result: /usr/bin/help2man
configure:5882: checking how to run the C preprocessor
configure:5913: gcc -E  conftest.c
configure:5913: $? = 0
configure:5927: gcc -E  conftest.c
conftest.c:11:10: fatal error: ac_nonexistent.h: No such file or directory
   11 | #include <ac_nonexistent.h>
      |          ^~~~~~~~~~~~~~~~~~
compilation terminated.
configure:5927: $? = 1
configure: failed program was:
| /* confdefs.h */
| #define PACKAGE_NAME "FULL-PACKAGE-NAME"
| #define PACKAGE_TARNAME "full-package-name"
| #define PACKAGE_VERSION "VERSION"
| #define PACKAGE_STRING "FULL-PACKAGE-NAME VERSION"
| #define PACKAGE_BUGREPORT "BUG-REPORT-ADDRESS"
| #define PACKAGE_URL ""
| #define PACKAGE "full-package-name"
| #define VERSION "VERSION"
| /* end confdefs.h.  */
| #include <ac_nonexistent.h>
configure:5952: result: gcc -E
configure:5972: gcc -E  conftest.c
configure:5972: $? = 0
configure:5986: gcc -E  conftest.c
conftest.c:11:10: fatal error: ac_nonexistent.h: No such file or directory
   11 | #include <ac_nonexistent.h>
      |          ^~~~~~~~~~~~~~~~~~
compilation terminated.
configure:5986: $? = 1
configure: failed program was:
| /* confdefs.h */
| #define PACKAGE_NAME "FULL-PACKAGE-NAME"
| #define PACKAGE_TARNAME "full-package-name"
| #define PACKAGE_VERSION "VERSION"
| #define PACKAGE_STRING "FULL-PACKAGE-NAME VERSION"
| #define PACKAGE_BUGREPORT "BUG-REPORT-ADDRESS"
| #define PACKAGE_URL ""
| #define PACKAGE "full-package-name"
| #define VERSION "VERSION"
| /* end confdefs.h.  */
| #include <ac_nonexistent.h>
configure:6015: checking for grep that handles long lines and -e
configure:6073: result: /bin/grep
configure:6078: checking for egrep
configure:6140: result: /bin/grep -E
configure:6145: checking for ANSI C header files
configure:6165: gcc -c -g -O2  conftest.c >&5
configure:6165: $? = 0
configure:6238: gcc -o conftest -g -O2   conftest.c  >&5
configure:6238: $? = 0
configure:6238: ./conftest
configure:6238: $? = 0
configure:6249: result: yes
configure:6262: checking for sys/types.h
configure:6262: gcc -c -g -O2  conftest.c >&5
configure:6262: $? = 0
configure:6262: result: yes
configure:6262: checking for sys/stat.h
configure:6262: gcc -c -g -O2  conftest.c >&5
configure:6262: $? = 0
configure:6262: result: yes
configure:6262: checking for stdlib.h
configure:6262: gcc -c -g -O2  conftest.c >&5
configure:6262: $? = 0
configure:6262: result: yes
configure:6262: checking for string.h
configure:6262: gcc -c -g -O2  conftest.c >&5
configure:6262: $? = 0
configure:6262: result: yes
configure:6262: checking for memory.h
configure:6262: gcc -c -g -O2  conftest.c >&5
configure:6262: $? = 0
configure:6262: result: yes
configure:6262: checking for strings.h
configure:6262: gcc -c -g -O2  conftest.c >&5
configure:6262: $? = 0
configure:6262: result: yes
configure:6262: checking for inttypes.h
configure:6262: gcc -c -g -O2  conftest.c >&5
configure:6262: $? = 0
configure:6262: result: yes
configure:6262: checking for stdint.h
configure:6262: gcc -c -g -O2  conftest.c >&5
configure:6262: $? = 0
configure:6262: result: yes
configure:6262: checking for unistd.h
configure:6262: gcc -c -g -O2  conftest.c >&5
configure:6262: $? = 0
configure:6262: result: yes
configure:6277: checking libintl.h usability
configure:6277: gcc -c -g -O2  conftest.c >&5
configure:6277: $? = 0
configure:6277: result: yes
configure:6277: checking libintl.h presence
configure:6277: gcc -E  conftest.c
configure:6277: $? = 0
configure:6277: result: yes
configure:6277: checking for libintl.h
configure:6277: result: yes
configure:6277: checking locale.h usability
configure:6277: gcc -c -g -O2  conftest.c >&5
configure:6277: $? = 0
configure:6277: result: yes
configure:6277: checking locale.h presence
configure:6277: gcc -E  conftest.c
configure:6277: $? = 0
configure:6277: result: yes
configure:6277: checking for locale.h
configure:6277: result: yes
configure:6277: checking for stdlib.h
configure:6277: result: yes
configure:6277: checking for string.h
configure:6277: result: yes
configure:6294: checking for setlocale
configure:6294: gcc -o conftest -g -O2   conftest.c  >&5
configure:6294: $? = 0
configure:6294: result: yes
configure:6294: checking for realpath
configure:6294: gcc -o conftest -g -O2   conftest.c  >&5
configure:6294: $? = 0
configure:6294: result: yes
configure:6415: checking that generated files are newer than configure
configure:6421: result: done
configure:6444: creating ./config.status

## ---------------------- ##
## Running config.status. ##
## ---------------------- ##

This file was extended by FULL-PACKAGE-NAME config.status VERSION, which was
generated by GNU Autoconf 2.69.  Invocation command line was

  CONFIG_FILES    = 
  CONFIG_HEADERS  = 
  CONFIG_LINKS    = 
  CONFIG_COMMANDS = 
  $ ./config.status 

on linuxprac

config.status:932: creating Makefile
config.status:932: creating Doxyfile
config.status:932: creating config.h
config.status:1113: config.h is unchanged
config.status:1161: executing depfiles commands
config.status:1238: cd .       && sed -e '/# am--include-marker/d' Makefile         | make -f - am--depfiles
make: Nothing to be done for 'am--depfiles'.
config.status:1243: $? = 0

## ---------------- ##
## Cache variables. ##
## ---------------- ##

ac_cv_c_compiler_gnu=yes
ac_cv_env_CC_set=
ac_cv_env_CC_value=
ac_cv_env_CFLAGS_set=
ac_cv_env_CFLAGS_value=
ac_cv_env_CPPFLAGS_set=
ac_cv_env_CPPFLAGS_value=
ac_cv_env_CPP_set=
ac_cv_env_CPP_value=
ac_cv_env_DOXYGEN_PAPER_SIZE_set=
ac_cv_env_DOXYGEN_PAPER_SIZE_value=
ac_cv_env_LDFLAGS_set=
ac_cv_env_LDFLAGS_value=
ac_cv_env_LIBS_set=
ac_cv_env_LIBS_value=
ac_cv_env_build_alias_set=
ac_cv_env_build_alias_value=
ac_cv_env_host_alias_set=
ac_cv_env_host_alias_value=
ac_cv_env_target_alias_set=
ac_cv_env_target_alias_value=
ac_cv_func_realpath=yes
ac_cv_func_setlocale=yes
ac_cv_header_inttypes_h=yes
ac_cv_header_libintl_h=yes
ac_cv_header_locale_h=yes
ac_cv_header_memory_h=yes
ac_cv_header_stdc=yes
ac_cv_header_stdint_h=yes
ac_cv_header_stdlib_h=yes
ac_cv_header_string_h=yes
ac_cv_header_strings_h=yes
ac_cv_header_sys_stat_h=yes
ac_cv_header_sys_types_h=yes
ac_cv_header_unistd_h=yes
ac_cv_objext=o
ac_cv_path_EGREP='/bin/grep -E'
ac_cv_path_GREP=/bin/grep
ac_cv_path_HELP2MAN=/usr/bin/help2man
ac_cv_path_ac_pt_DX_DOXYGEN=/usr/bin/doxygen
ac_cv_path_ac_pt_DX_EGREP=/bin/egrep
ac_cv_path_ac_pt_DX_PERL=/usr/bin/perl
ac_cv_path_install='/bin/install -c'
ac_cv_path_mkdir=/bin/mkdir
ac_cv_prog_AWK=gawk
ac_cv_prog_CPP='gcc -E'
ac_cv_prog_ac_ct_CC=gcc
ac_cv_prog_cc_c89=
ac_cv_prog_cc_g=yes
ac_cv_prog_make_make_set=yes
am_cv_CC_dependencies_compiler_type=gcc3
am_cv_make_support_nested_variables=yes
am_cv_prog_cc_c_o=yes

## ----------------- ##
## Output variables. ##
## ----------------- ##










	$(AM_V_at)echo Timestamp >$@
	$(AM_V_at)rm -rf $(DX_DOCDIR)
	$(DX_CLEAN_CHI) \
	$(DX_CLEAN_CHM) \
	$(DX_CLEAN_HTML) \
	$(DX_CLEAN_LATEX)'
	$(DX_CLEAN_MAN) \
	$(DX_CLEAN_PDF) \
	$(DX_CLEAN_PS) \
	$(DX_CLEAN_RTF) \
	$(DX_CLEAN_XML) \
	$(DX_DOCDIR)/$(PACKAGE).tag \
	$(DX_DOCDIR)/doxygen_sqlite3.db \
	$(DX_V_DXGEN)$(DX_ENV) DOCDIR=$(DX_DOCDIR) $(DX_DOXYGEN) $(DX_CONFIG)
	-r \
                $(DX_DOCDIR)/html
## ------------------------------- ##
$(DX_DOCDIR)/$(PACKAGE).tag: $(DX_CONFIG) $(pkginclude_HEADERS)
.INTERMEDIATE: doxygen-run $(DX_PS_GOAL) $(DX_PDF_GOAL)
.PHONY: doxygen-run doxygen-doc $(DX_PS_GOAL) $(DX_PDF_GOAL)
ACLOCAL='${SHELL} /home/n1110101/LinuxDev2020/10_Documenting/missing aclocal-1.16'
AMDEPBACKSLASH='\'
AMDEP_FALSE='#'
AMDEP_TRUE=''
AMTAR='$${TAR-tar}'
AM_BACKSLASH='\'
AM_DEFAULT_V='$(AM_DEFAULT_VERBOSITY)'
AM_DEFAULT_VERBOSITY='1'
AM_V='$(V)'
AUTOCONF='${SHELL} /home/n1110101/LinuxDev2020/10_Documenting/missing autoconf'
AUTOHEADER='${SHELL} /home/n1110101/LinuxDev2020/10_Documenting/missing autoheader'
AUTOMAKE='${SHELL} /home/n1110101/LinuxDev2020/10_Documenting/missing automake-1.16'
AWK='gawk'
CC='gcc'
CCDEPMODE='depmode=gcc3'
CFLAGS='-g -O2'
CPP='gcc -E'
CPPFLAGS=''
CYGPATH_W='echo'
DEFS='-DHAVE_CONFIG_H'
DEPDIR='.deps'
DOT_PATH=''
DOXYGEN_PAPER_SIZE=''
DX_CLEANFILES = \
DX_CLEAN_HTML = $(DX_DOCDIR)/html\
DX_CONFIG='$(srcdir)/Doxyfile'
DX_DOCDIR='doxygen-doc'
DX_DOT=''
DX_DOXYGEN='/usr/bin/doxygen'
DX_DVIPS=''
DX_EGREP='/bin/egrep'
DX_ENV=' SRCDIR='\''.'\'' PROJECT='\''numfinder'\'' VERSION='\''VERSION'\'' PERL_PATH='\''/usr/bin/perl'\'' HAVE_DOT='\''NO'\'' GENERATE_MAN='\''NO'\'' GENERATE_RTF='\''NO'\'' GENERATE_XML='\''NO'\'' GENERATE_HTMLHELP='\''NO'\'' GENERATE_CHI='\''NO'\'' GENERATE_HTML='\''YES'\'' GENERATE_LATEX='\''NO'\'''
DX_FLAG_chi='0'
DX_FLAG_chm='0'
DX_FLAG_doc='1'
DX_FLAG_dot='0'
DX_FLAG_html='1'
DX_FLAG_man='0'
DX_FLAG_pdf='0'
DX_FLAG_ps='0'
DX_FLAG_rtf='0'
DX_FLAG_xml='0'
DX_HHC=''
DX_LATEX=''
DX_MAKEINDEX=''
DX_PDFLATEX=''
DX_PERL='/usr/bin/perl'
DX_PROJECT='numfinder'
DX_RULES='## --------------------------------- ##
DX_V_DXGEN = $(_DX_v_DXGEN_$(V))
ECHO_C=''
ECHO_N='-n'
ECHO_T=''
EGREP='/bin/grep -E'
EXEEXT=''
GENERATE_CHI='NO'
GENERATE_HTML='YES'
GENERATE_HTMLHELP='NO'
GENERATE_LATEX='NO'
GENERATE_MAN='NO'
GENERATE_RTF='NO'
GENERATE_XML='NO'
GREP='/bin/grep'
HAVE_DOT='NO'
HELP2MAN='/usr/bin/help2man'
HHC_PATH=''
INSTALL_DATA='${INSTALL} -m 644'
INSTALL_PROGRAM='${INSTALL}'
INSTALL_SCRIPT='${INSTALL}'
INSTALL_STRIP_PROGRAM='$(install_sh) -c -s'
LDFLAGS=''
LIBOBJS=''
LIBS=''
LTLIBOBJS=''
MAKEINFO='${SHELL} /home/n1110101/LinuxDev2020/10_Documenting/missing makeinfo'
MKDIR_P='/bin/mkdir -p'
OBJEXT='o'
PACKAGE='full-package-name'
PACKAGE_BUGREPORT='BUG-REPORT-ADDRESS'
PACKAGE_NAME='FULL-PACKAGE-NAME'
PACKAGE_STRING='FULL-PACKAGE-NAME VERSION'
PACKAGE_TARNAME='full-package-name'
PACKAGE_URL=''
PACKAGE_VERSION='VERSION'
PAPER_SIZE=''
PATH_SEPARATOR=':'
PERL_PATH='/usr/bin/perl'
PROJECT='numfinder'
SET_MAKE=''
SHELL='/bin/sh'
SRCDIR='.'
STRIP=''
VERSION='VERSION'
_DX_v_DXGEN_ = $(_DX_v_DXGEN_$(AM_DEFAULT_VERBOSITY))
_DX_v_DXGEN_0 = @echo "  DXGEN " $<;
ac_ct_CC='gcc'
am__EXEEXT_FALSE=''
am__EXEEXT_TRUE='#'
am__fastdepCC_FALSE='#'
am__fastdepCC_TRUE=''
am__include='include'
am__isrc=''
am__leading_dot='.'
am__nodep='_no'
am__quote=''
am__tar='$${TAR-tar} chof - "$$tardir"'
am__untar='$${TAR-tar} xf -'
bindir='${exec_prefix}/bin'
build_alias=''
datadir='${datarootdir}'
datarootdir='${prefix}/share'
docdir='${datarootdir}/doc/${PACKAGE_TARNAME}'
doxygen-doc: doxygen-run $(DX_PS_GOAL) $(DX_PDF_GOAL)
doxygen-run: $(DX_DOCDIR)/$(PACKAGE).tag
dvidir='${docdir}'
exec_prefix='${prefix}'
host_alias=''
htmldir='${docdir}'
includedir='${prefix}/include'
infodir='${datarootdir}/info'
install_sh='${SHELL} /home/n1110101/LinuxDev2020/10_Documenting/install-sh'
libdir='${exec_prefix}/lib'
libexecdir='${exec_prefix}/libexec'
localedir='${datarootdir}/locale'
localstatedir='${prefix}/var'
mandir='${datarootdir}/man'
mkdir_p='$(MKDIR_P)'
oldincludedir='/usr/include'
pdfdir='${docdir}'
prefix='/usr/local'
program_transform_name='s,x,x,'
psdir='${docdir}'
sbindir='${exec_prefix}/sbin'
sharedstatedir='${prefix}/com'
sysconfdir='${prefix}/etc'
target_alias=''

## ----------- ##
## confdefs.h. ##
## ----------- ##

/* confdefs.h */
#define PACKAGE_NAME "FULL-PACKAGE-NAME"
#define PACKAGE_TARNAME "full-package-name"
#define PACKAGE_VERSION "VERSION"
#define PACKAGE_STRING "FULL-PACKAGE-NAME VERSION"
#define PACKAGE_BUGREPORT "BUG-REPORT-ADDRESS"
#define PACKAGE_URL ""
#define PACKAGE "full-package-name"
#define VERSION "VERSION"
#define STDC_HEADERS 1
#define HAVE_SYS_TYPES_H 1
#define HAVE_SYS_STAT_H 1
#define HAVE_STDLIB_H 1
#define HAVE_STRING_H 1
#define HAVE_MEMORY_H 1
#define HAVE_STRINGS_H 1
#define HAVE_INTTYPES_H 1
#define HAVE_STDINT_H 1
#define HAVE_UNISTD_H 1
#define HAVE_LIBINTL_H 1
#define HAVE_LOCALE_H 1
#define HAVE_STDLIB_H 1
#define HAVE_STRING_H 1
#define HAVE_SETLOCALE 1
#define HAVE_REALPATH 1

configure: exit 0
