This file contains any messages produced by compilers while
running configure, to aid debugging if configure makes a mistake.

It was created by FULL-PACKAGE-NAME configure VERSION, which was
generated by GNU Autoconf 2.69.  Invocation command line was

  $ ./configure 

## --------- ##
## Platform. ##
## --------- ##

hostname = linuxprac
uname -m = x86_64
uname -r = 5.4.57-std-def-alt1
uname -s = Linux
uname -v = #1 SMP Fri Aug 7 09:06:32 UTC 2020

/usr/bin/uname -p = unknown
/bin/uname -X     = unknown

/bin/arch              = unknown
/usr/bin/arch -k       = unknown
/usr/convex/getsysinfo = unknown
/usr/bin/hostinfo      = unknown
/bin/machine           = unknown
/usr/bin/oslevel       = unknown
/bin/universe          = unknown

PATH: /home/n1110101/bin
PATH: /bin
PATH: /usr/bin
PATH: /usr/local/bin
PATH: /usr/games


## ----------- ##
## Core tests. ##
## ----------- ##

configure:2220: checking for a BSD-compatible install
configure:2288: result: /bin/install -c
configure:2299: checking whether build environment is sane
configure:2354: result: yes
configure:2505: checking for a thread-safe mkdir -p
configure:2544: result: /bin/mkdir -p
configure:2551: checking for gawk
configure:2567: found /bin/gawk
configure:2578: result: gawk
configure:2589: checking whether make sets $(MAKE)
configure:2611: result: yes
configure:2640: checking whether make supports nested variables
configure:2657: result: yes
configure:2836: checking for gcc
configure:2852: found /usr/bin/gcc
configure:2863: result: gcc
configure:3092: checking for C compiler version
configure:3101: gcc --version >&5
x86_64-alt-linux-gcc (GCC) 9.3.1 20200518 (ALT Sisyphus 9.3.1-alt1)
Copyright (C) 2019 Free Software Foundation, Inc.
This is free software; see the source for copying conditions.  There is NO
warranty; not even for MERCHANTABILITY or FITNESS FOR A PARTICULAR PURPOSE.

configure:3112: $? = 0
configure:3101: gcc -v >&5
Using built-in specs.
COLLECT_GCC=x86_64-alt-linux-gcc
COLLECT_LTO_WRAPPER=/usr/libexec/gcc/x86_64-alt-linux/9/lto-wrapper
Target: x86_64-alt-linux
Configured with: ../configure --host=x86_64-alt-linux --build=x86_64-alt-linux --target=x86_64-alt-linux --prefix=/usr --exec-prefix=/usr --bindir=/usr/bin --sbindir=/usr/sbin --sysconfdir=/etc --datadir=/usr/share --includedir=/usr/include --libdir=/usr/lib64 --libexecdir=/usr/libexec --localstatedir=/var/lib --sharedstatedir=/var/lib --mandir=/usr/share/man --infodir=/usr/share/info --disable-dependency-tracking --disable-silent-rules --without-included-gettext --enable-shared --program-suffix=-9 --with-slibdir=/lib64 --with-bugurl=http://bugzilla.altlinux.org --enable-__cxa_atexit --enable-threads=posix --enable-checking=release --with-system-zlib --without-included-gettext --enable-multilib --enable-gnu-unique-object --enable-linker-build-id --with-linker-hash-style=gnu --with-arch_32=i586 --with-tune_32=generic --with-multilib-list=m64,m32,mx32 --with-gcc-major-version-only --enable-vtable-verify --enable-bootstrap --enable-languages=c,c++,fortran,objc,obj-c++,ada,go,d,lto --enable-plugin
Thread model: posix
gcc version 9.3.1 20200518 (ALT Sisyphus 9.3.1-alt1) (GCC) 
configure:3112: $? = 0
configure:3101: gcc -V >&5
x86_64-alt-linux-gcc: error: unrecognized command line option '-V'
x86_64-alt-linux-gcc: fatal error: no input files
compilation terminated.
configure:3112: $? = 1
configure:3101: gcc -qversion >&5
x86_64-alt-linux-gcc: error: unrecognized command line option '-qversion'; did you mean '--version'?
x86_64-alt-linux-gcc: fatal error: no input files
compilation terminated.
configure:3112: $? = 1
configure:3132: checking whether the C compiler works
configure:3154: gcc    conftest.c  >&5
configure:3158: $? = 0
configure:3206: result: yes
configure:3209: checking for C compiler default output file name
configure:3211: result: a.out
configure:3217: checking for suffix of executables
configure:3224: gcc -o conftest    conftest.c  >&5
configure:3228: $? = 0
configure:3250: result: 
configure:3272: checking whether we are cross compiling
configure:3280: gcc -o conftest    conftest.c  >&5
configure:3284: $? = 0
configure:3291: ./conftest
configure:3295: $? = 0
configure:3310: result: no
configure:3315: checking for suffix of object files
configure:3337: gcc -c   conftest.c >&5
configure:3341: $? = 0
configure:3362: result: o
configure:3366: checking whether we are using the GNU C compiler
configure:3385: gcc -c   conftest.c >&5
configure:3385: $? = 0
configure:3394: result: yes
configure:3403: checking whether gcc accepts -g
configure:3423: gcc -c -g  conftest.c >&5
configure:3423: $? = 0
configure:3464: result: yes
configure:3481: checking for gcc option to accept ISO C89
configure:3544: gcc  -c -g -O2  conftest.c >&5
configure:3544: $? = 0
configure:3557: result: none needed
configure:3582: checking whether gcc understands -c and -o together
configure:3604: gcc -c conftest.c -o conftest2.o
configure:3607: $? = 0
configure:3604: gcc -c conftest.c -o conftest2.o
configure:3607: $? = 0
configure:3619: result: yes
configure:3639: checking whether make supports the include directive
configure:3654: make -f confmf.GNU && cat confinc.out
this is the am__doit target
configure:3657: $? = 0
configure:3676: result: yes (GNU style)
configure:3701: checking dependency style of gcc
configure:3812: result: gcc3
configure:3837: checking how to run the C preprocessor
configure:3868: gcc -E  conftest.c
configure:3868: $? = 0
configure:3882: gcc -E  conftest.c
conftest.c:11:10: fatal error: ac_nonexistent.h: No such file or directory
   11 | #include <ac_nonexistent.h>
      |          ^~~~~~~~~~~~~~~~~~
compilation terminated.
configure:3882: $? = 1
configure: failed program was:
| /* confdefs.h */
| #define PACKAGE_NAME "FULL-PACKAGE-NAME"
| #define PACKAGE_TARNAME "full-package-name"
| #define PACKAGE_VERSION "VERSION"
| #define PACKAGE_STRING "FULL-PACKAGE-NAME VERSION"
| #define PACKAGE_BUGREPORT "BUG-REPORT-ADDRESS"
| #define PACKAGE_URL ""
| #define PACKAGE "full-package-name"
| #define VERSION "VERSION"
| /* end confdefs.h.  */
| #include <ac_nonexistent.h>
configure:3907: result: gcc -E
configure:3927: gcc -E  conftest.c
configure:3927: $? = 0
configure:3941: gcc -E  conftest.c
conftest.c:11:10: fatal error: ac_nonexistent.h: No such file or directory
   11 | #include <ac_nonexistent.h>
      |          ^~~~~~~~~~~~~~~~~~
compilation terminated.
configure:3941: $? = 1
configure: failed program was:
| /* confdefs.h */
| #define PACKAGE_NAME "FULL-PACKAGE-NAME"
| #define PACKAGE_TARNAME "full-package-name"
| #define PACKAGE_VERSION "VERSION"
| #define PACKAGE_STRING "FULL-PACKAGE-NAME VERSION"
| #define PACKAGE_BUGREPORT "BUG-REPORT-ADDRESS"
| #define PACKAGE_URL ""
| #define PACKAGE "full-package-name"
| #define VERSION "VERSION"
| /* end confdefs.h.  */
| #include <ac_nonexistent.h>
configure:3970: checking for grep that handles long lines and -e
configure:4028: result: /bin/grep
configure:4033: checking for egrep
configure:4095: result: /bin/grep -E
configure:4100: checking for ANSI C header files
configure:4120: gcc -c -g -O2  conftest.c >&5
configure:4120: $? = 0
configure:4193: gcc -o conftest -g -O2   conftest.c  >&5
configure:4193: $? = 0
configure:4193: ./conftest
configure:4193: $? = 0
configure:4204: result: yes
configure:4217: checking for sys/types.h
configure:4217: gcc -c -g -O2  conftest.c >&5
configure:4217: $? = 0
configure:4217: result: yes
configure:4217: checking for sys/stat.h
configure:4217: gcc -c -g -O2  conftest.c >&5
configure:4217: $? = 0
configure:4217: result: yes
configure:4217: checking for stdlib.h
configure:4217: gcc -c -g -O2  conftest.c >&5
configure:4217: $? = 0
configure:4217: result: yes
configure:4217: checking for string.h
configure:4217: gcc -c -g -O2  conftest.c >&5
configure:4217: $? = 0
configure:4217: result: yes
configure:4217: checking for memory.h
configure:4217: gcc -c -g -O2  conftest.c >&5
configure:4217: $? = 0
configure:4217: result: yes
configure:4217: checking for strings.h
configure:4217: gcc -c -g -O2  conftest.c >&5
configure:4217: $? = 0
configure:4217: result: yes
configure:4217: checking for inttypes.h
configure:4217: gcc -c -g -O2  conftest.c >&5
configure:4217: $? = 0
configure:4217: result: yes
configure:4217: checking for stdint.h
configure:4217: gcc -c -g -O2  conftest.c >&5
configure:4217: $? = 0
configure:4217: result: yes
configure:4217: checking for unistd.h
configure:4217: gcc -c -g -O2  conftest.c >&5
configure:4217: $? = 0
configure:4217: result: yes
configure:4232: checking libintl.h usability
configure:4232: gcc -c -g -O2  conftest.c >&5
configure:4232: $? = 0
configure:4232: result: yes
configure:4232: checking libintl.h presence
configure:4232: gcc -E  conftest.c
configure:4232: $? = 0
configure:4232: result: yes
configure:4232: checking for libintl.h
configure:4232: result: yes
configure:4232: checking locale.h usability
configure:4232: gcc -c -g -O2  conftest.c >&5
configure:4232: $? = 0
configure:4232: result: yes
configure:4232: checking locale.h presence
configure:4232: gcc -E  conftest.c
configure:4232: $? = 0
configure:4232: result: yes
configure:4232: checking for locale.h
configure:4232: result: yes
configure:4232: checking for stdlib.h
configure:4232: result: yes
configure:4232: checking for string.h
configure:4232: result: yes
configure:4249: checking for setlocale
configure:4249: gcc -o conftest -g -O2   conftest.c  >&5
configure:4249: $? = 0
configure:4249: result: yes
configure:4249: checking for realpath
configure:4249: gcc -o conftest -g -O2   conftest.c  >&5
configure:4249: $? = 0
configure:4249: result: yes
configure:4370: checking that generated files are newer than configure
configure:4376: result: done
configure:4399: creating ./config.status

## ---------------------- ##
## Running config.status. ##
## ---------------------- ##

This file was extended by FULL-PACKAGE-NAME config.status VERSION, which was
generated by GNU Autoconf 2.69.  Invocation command line was

  CONFIG_FILES    = 
  CONFIG_HEADERS  = 
  CONFIG_LINKS    = 
  CONFIG_COMMANDS = 
  $ ./config.status 

on linuxprac

config.status:854: creating Makefile
config.status:854: creating config.h
config.status:1083: executing depfiles commands
config.status:1160: cd .       && sed -e '/# am--include-marker/d' Makefile         | make -f - am--depfiles
config.status:1165: $? = 0

## ---------------- ##
## Cache variables. ##
## ---------------- ##

ac_cv_c_compiler_gnu=yes
ac_cv_env_CC_set=
ac_cv_env_CC_value=
ac_cv_env_CFLAGS_set=
ac_cv_env_CFLAGS_value=
ac_cv_env_CPPFLAGS_set=
ac_cv_env_CPPFLAGS_value=
ac_cv_env_CPP_set=
ac_cv_env_CPP_value=
ac_cv_env_LDFLAGS_set=
ac_cv_env_LDFLAGS_value=
ac_cv_env_LIBS_set=
ac_cv_env_LIBS_value=
ac_cv_env_build_alias_set=
ac_cv_env_build_alias_value=
ac_cv_env_host_alias_set=
ac_cv_env_host_alias_value=
ac_cv_env_target_alias_set=
ac_cv_env_target_alias_value=
ac_cv_func_realpath=yes
ac_cv_func_setlocale=yes
ac_cv_header_inttypes_h=yes
ac_cv_header_libintl_h=yes
ac_cv_header_locale_h=yes
ac_cv_header_memory_h=yes
ac_cv_header_stdc=yes
ac_cv_header_stdint_h=yes
ac_cv_header_stdlib_h=yes
ac_cv_header_string_h=yes
ac_cv_header_strings_h=yes
ac_cv_header_sys_stat_h=yes
ac_cv_header_sys_types_h=yes
ac_cv_header_unistd_h=yes
ac_cv_objext=o
ac_cv_path_EGREP='/bin/grep -E'
ac_cv_path_GREP=/bin/grep
ac_cv_path_install='/bin/install -c'
ac_cv_path_mkdir=/bin/mkdir
ac_cv_prog_AWK=gawk
ac_cv_prog_CPP='gcc -E'
ac_cv_prog_ac_ct_CC=gcc
ac_cv_prog_cc_c89=
ac_cv_prog_cc_g=yes
ac_cv_prog_make_make_set=yes
am_cv_CC_dependencies_compiler_type=gcc3
am_cv_make_support_nested_variables=yes
am_cv_prog_cc_c_o=yes

## ----------------- ##
## Output variables. ##
## ----------------- ##

ACLOCAL='${SHELL} /home/n1110101/LinuxDev2020/09_I18nL10n/missing aclocal-1.16'
AMDEPBACKSLASH='\'
AMDEP_FALSE='#'
AMDEP_TRUE=''
AMTAR='$${TAR-tar}'
AM_BACKSLASH='\'
AM_DEFAULT_V='$(AM_DEFAULT_VERBOSITY)'
AM_DEFAULT_VERBOSITY='1'
AM_V='$(V)'
AUTOCONF='${SHELL} /home/n1110101/LinuxDev2020/09_I18nL10n/missing autoconf'
AUTOHEADER='${SHELL} /home/n1110101/LinuxDev2020/09_I18nL10n/missing autoheader'
AUTOMAKE='${SHELL} /home/n1110101/LinuxDev2020/09_I18nL10n/missing automake-1.16'
AWK='gawk'
CC='gcc'
CCDEPMODE='depmode=gcc3'
CFLAGS='-g -O2'
CPP='gcc -E'
CPPFLAGS=''
CYGPATH_W='echo'
DEFS='-DHAVE_CONFIG_H'
DEPDIR='.deps'
ECHO_C=''
ECHO_N='-n'
ECHO_T=''
EGREP='/bin/grep -E'
EXEEXT=''
GREP='/bin/grep'
INSTALL_DATA='${INSTALL} -m 644'
INSTALL_PROGRAM='${INSTALL}'
INSTALL_SCRIPT='${INSTALL}'
INSTALL_STRIP_PROGRAM='$(install_sh) -c -s'
LDFLAGS=''
LIBOBJS=''
LIBS=''
LTLIBOBJS=''
MAKEINFO='${SHELL} /home/n1110101/LinuxDev2020/09_I18nL10n/missing makeinfo'
MKDIR_P='/bin/mkdir -p'
OBJEXT='o'
PACKAGE='full-package-name'
PACKAGE_BUGREPORT='BUG-REPORT-ADDRESS'
PACKAGE_NAME='FULL-PACKAGE-NAME'
PACKAGE_STRING='FULL-PACKAGE-NAME VERSION'
PACKAGE_TARNAME='full-package-name'
PACKAGE_URL=''
PACKAGE_VERSION='VERSION'
PATH_SEPARATOR=':'
SET_MAKE=''
SHELL='/bin/sh'
STRIP=''
VERSION='VERSION'
ac_ct_CC='gcc'
am__EXEEXT_FALSE=''
am__EXEEXT_TRUE='#'
am__fastdepCC_FALSE='#'
am__fastdepCC_TRUE=''
am__include='include'
am__isrc=''
am__leading_dot='.'
am__nodep='_no'
am__quote=''
am__tar='$${TAR-tar} chof - "$$tardir"'
am__untar='$${TAR-tar} xf -'
bindir='${exec_prefix}/bin'
build_alias=''
datadir='${datarootdir}'
datarootdir='${prefix}/share'
docdir='${datarootdir}/doc/${PACKAGE_TARNAME}'
dvidir='${docdir}'
exec_prefix='${prefix}'
host_alias=''
htmldir='${docdir}'
includedir='${prefix}/include'
infodir='${datarootdir}/info'
install_sh='${SHELL} /home/n1110101/LinuxDev2020/09_I18nL10n/install-sh'
libdir='${exec_prefix}/lib'
libexecdir='${exec_prefix}/libexec'
localedir='${datarootdir}/locale'
localstatedir='${prefix}/var'
mandir='${datarootdir}/man'
mkdir_p='$(MKDIR_P)'
oldincludedir='/usr/include'
pdfdir='${docdir}'
prefix='/usr/local'
program_transform_name='s,x,x,'
psdir='${docdir}'
sbindir='${exec_prefix}/sbin'
sharedstatedir='${prefix}/com'
sysconfdir='${prefix}/etc'
target_alias=''

## ----------- ##
## confdefs.h. ##
## ----------- ##

/* confdefs.h */
#define PACKAGE_NAME "FULL-PACKAGE-NAME"
#define PACKAGE_TARNAME "full-package-name"
#define PACKAGE_VERSION "VERSION"
#define PACKAGE_STRING "FULL-PACKAGE-NAME VERSION"
#define PACKAGE_BUGREPORT "BUG-REPORT-ADDRESS"
#define PACKAGE_URL ""
#define PACKAGE "full-package-name"
#define VERSION "VERSION"
#define STDC_HEADERS 1
#define HAVE_SYS_TYPES_H 1
#define HAVE_SYS_STAT_H 1
#define HAVE_STDLIB_H 1
#define HAVE_STRING_H 1
#define HAVE_MEMORY_H 1
#define HAVE_STRINGS_H 1
#define HAVE_INTTYPES_H 1
#define HAVE_STDINT_H 1
#define HAVE_UNISTD_H 1
#define HAVE_LIBINTL_H 1
#define HAVE_LOCALE_H 1
#define HAVE_STDLIB_H 1
#define HAVE_STRING_H 1
#define HAVE_SETLOCALE 1
#define HAVE_REALPATH 1

configure: exit 0
